17:18:41 **** Build of configuration Debug for project server ****
make all 
Building file: ../src/server.cpp
Invoking: GCC C++ Compiler
g++ -O0 -g3 -Wall -c -fmessage-length=0 -std=c++11 -MMD -MP -MF"src/server.d" -MT"src/server.d" -o "src/server.o" "../src/server.cpp"
Finished building: ../src/server.cpp
 
Building file: ../src/server_args.cpp
Invoking: GCC C++ Compiler
g++ -O0 -g3 -Wall -c -fmessage-length=0 -std=c++11 -MMD -MP -MF"src/server_args.d" -MT"src/server_args.d" -o "src/server_args.o" "../src/server_args.cpp"
Finished building: ../src/server_args.cpp
 
Building file: ../src/server_listener.cpp
Invoking: GCC C++ Compiler
g++ -O0 -g3 -Wall -c -fmessage-length=0 -std=c++11 -MMD -MP -MF"src/server_listener.d" -MT"src/server_listener.d" -o "src/server_listener.o" "../src/server_listener.cpp"
Finished building: ../src/server_listener.cpp
 
Building file: /home/majk/workspace/socket_binder_unix.cpp
Invoking: GCC C++ Compiler
g++ -O0 -g3 -Wall -c -fmessage-length=0 -std=c++11 -MMD -MP -MF"src/socket_binder_unix.d" -MT"src/socket_binder_unix.d" -o "src/socket_binder_unix.o" "/home/majk/workspace/socket_binder_unix.cpp"
Finished building: /home/majk/workspace/socket_binder_unix.cpp
 
Building target: server
Invoking: GCC C++ Linker
g++  -o "server"  ./src/server.o ./src/server_args.o ./src/server_listener.o ./src/socket_binder_unix.o   
Finished building target: server
 

17:18:42 Build Finished (took 1s.35ms)

